<?xml version="1.0" encoding="utf-8"?>
<CoverageSession xmlns:xsd="http://www.w3.org/2001/XMLSchema" xmlns:xsi="http://www.w3.org/2001/XMLSchema-instance" Version="4.6.0.0">
  <Summary numSequencePoints="170" visitedSequencePoints="135" numBranchPoints="33" visitedBranchPoints="30" sequenceCoverage="79.41" branchCoverage="90.91" maxCyclomaticComplexity="8" minCyclomaticComplexity="1" maxCrapScore="8" minCrapScore="1" visitedClasses="6" numClasses="8" visitedMethods="21" numMethods="23" />
  <Modules>
    <Module hash="2A-3D-AD-4D-F7-00-69-67-F6-EB-EB-4F-E8-E9-1A-3E-E3-97-95-45">
      <Summary numSequencePoints="59" visitedSequencePoints="56" numBranchPoints="12" visitedBranchPoints="11" sequenceCoverage="94.92" branchCoverage="91.67" maxCyclomaticComplexity="2" minCyclomaticComplexity="1" maxCrapScore="2" minCrapScore="1" visitedClasses="3" numClasses="4" visitedMethods="11" numMethods="12" />
      <ModulePath>D:\Team5\Task1\Tests\bin\Debug\Tests.dll</ModulePath>
      <ModuleTime>2018-10-01T19:26:10.6283913Z</ModuleTime>
      <ModuleName>Tests</ModuleName>
      <Files>
        <File uid="1" fullPath="D:\Team5\Task1\Tests\Tests.cs" />
      </Files>
      <Classes>
        <Class>
          <Summary numSequencePoints="0" visitedSequencePoints="0" numBranchPoints="0" visitedBranchPoints="0" sequenceCoverage="0" branchCoverage="0" maxCyclomaticComplexity="1" minCyclomaticComplexity="1" maxCrapScore="2" minCrapScore="2" visitedClasses="0" numClasses="0" visitedMethods="0" numMethods="0" />
          <FullName>Tests.Tests</FullName>
          <Methods>
            <Method visited="false" cyclomaticComplexity="1" nPathComplexity="0" sequenceCoverage="0" branchCoverage="0" crapScore="2" isConstructor="true" isStatic="false" isGetter="false" isSetter="false">
              <Summary numSequencePoints="0" visitedSequencePoints="0" numBranchPoints="0" visitedBranchPoints="0" sequenceCoverage="0" branchCoverage="0" maxCyclomaticComplexity="1" minCyclomaticComplexity="1" maxCrapScore="2" minCrapScore="2" visitedClasses="0" numClasses="0" visitedMethods="0" numMethods="0" />
              <MetadataToken>100663297</MetadataToken>
              <Name>System.Void Tests.Tests::.ctor()</Name>
              <SequencePoints />
              <BranchPoints />
              <MethodPoint vc="0" uspid="1" ordinal="0" offset="0" />
            </Method>
          </Methods>
        </Class>
        <Class>
          <Summary numSequencePoints="56" visitedSequencePoints="54" numBranchPoints="9" visitedBranchPoints="9" sequenceCoverage="96.43" branchCoverage="100" maxCyclomaticComplexity="2" minCyclomaticComplexity="1" maxCrapScore="2" minCrapScore="1" visitedClasses="1" numClasses="1" visitedMethods="9" numMethods="9" />
          <FullName>Tests.Tests/TestLogging</FullName>
          <Methods>
            <Method visited="true" cyclomaticComplexity="1" nPathComplexity="0" sequenceCoverage="100" branchCoverage="100" crapScore="1" isConstructor="false" isStatic="false" isGetter="false" isSetter="false">
              <Summary numSequencePoints="7" visitedSequencePoints="7" numBranchPoints="1" visitedBranchPoints="1" sequenceCoverage="100" branchCoverage="100" maxCyclomaticComplexity="1" minCyclomaticComplexity="1" maxCrapScore="1" minCrapScore="1" visitedClasses="0" numClasses="0" visitedMethods="1" numMethods="1" />
              <MetadataToken>100663298</MetadataToken>
              <Name>System.Void Tests.Tests/TestLogging::HttpErrorConstructTest()</Name>
              <FileRef uid="1" />
              <SequencePoints>
                <SequencePoint vc="1" uspid="2" ordinal="0" offset="0" sl="20" sc="13" el="20" ec="14" bec="0" bev="0" fileid="1" />
                <SequencePoint vc="1" uspid="3" ordinal="1" offset="1" sl="21" sc="17" el="21" ec="50" bec="0" bev="0" fileid="1" />
                <SequencePoint vc="1" uspid="4" ordinal="2" offset="7" sl="23" sc="17" el="23" ec="77" bec="0" bev="0" fileid="1" />
                <SequencePoint vc="1" uspid="5" ordinal="3" offset="24" sl="25" sc="17" el="25" ec="55" bec="0" bev="0" fileid="1" />
                <SequencePoint vc="1" uspid="6" ordinal="4" offset="51" sl="26" sc="17" el="26" ec="65" bec="0" bev="0" fileid="1" />
                <SequencePoint vc="1" uspid="7" ordinal="5" offset="68" sl="27" sc="17" el="27" ec="60" bec="0" bev="0" fileid="1" />
                <SequencePoint vc="1" uspid="8" ordinal="6" offset="91" sl="28" sc="13" el="28" ec="14" bec="0" bev="0" fileid="1" />
              </SequencePoints>
              <BranchPoints />
              <MethodPoint xsi:type="SequencePoint" vc="1" uspid="2" ordinal="0" offset="0" sl="20" sc="13" el="20" ec="14" bec="0" bev="0" fileid="1" />
            </Method>
            <Method visited="true" cyclomaticComplexity="1" nPathComplexity="0" sequenceCoverage="100" branchCoverage="100" crapScore="1" isConstructor="false" isStatic="false" isGetter="false" isSetter="false">
              <Summary numSequencePoints="7" visitedSequencePoints="7" numBranchPoints="1" visitedBranchPoints="1" sequenceCoverage="100" branchCoverage="100" maxCyclomaticComplexity="1" minCyclomaticComplexity="1" maxCrapScore="1" minCrapScore="1" visitedClasses="0" numClasses="0" visitedMethods="1" numMethods="1" />
              <MetadataToken>100663299</MetadataToken>
              <Name>System.Void Tests.Tests/TestLogging::HttpErrorCompareToTest()</Name>
              <FileRef uid="1" />
              <SequencePoints>
                <SequencePoint vc="1" uspid="9" ordinal="0" offset="0" sl="32" sc="13" el="32" ec="14" bec="0" bev="0" fileid="1" />
                <SequencePoint vc="1" uspid="10" ordinal="1" offset="1" sl="33" sc="17" el="33" ec="50" bec="0" bev="0" fileid="1" />
                <SequencePoint vc="1" uspid="11" ordinal="2" offset="7" sl="35" sc="17" el="35" ec="77" bec="0" bev="0" fileid="1" />
                <SequencePoint vc="1" uspid="12" ordinal="3" offset="24" sl="36" sc="17" el="36" ec="80" bec="0" bev="0" fileid="1" />
                <SequencePoint vc="1" uspid="13" ordinal="4" offset="41" sl="38" sc="17" el="38" ec="61" bec="0" bev="0" fileid="1" />
                <SequencePoint vc="1" uspid="14" ordinal="5" offset="65" sl="39" sc="17" el="39" ec="62" bec="0" bev="0" fileid="1" />
                <SequencePoint vc="1" uspid="15" ordinal="6" offset="89" sl="40" sc="13" el="40" ec="14" bec="0" bev="0" fileid="1" />
              </SequencePoints>
              <BranchPoints />
              <MethodPoint xsi:type="SequencePoint" vc="1" uspid="9" ordinal="0" offset="0" sl="32" sc="13" el="32" ec="14" bec="0" bev="0" fileid="1" />
            </Method>
            <Method visited="true" cyclomaticComplexity="1" nPathComplexity="0" sequenceCoverage="100" branchCoverage="100" crapScore="1" isConstructor="false" isStatic="false" isGetter="false" isSetter="false">
              <Summary numSequencePoints="10" visitedSequencePoints="10" numBranchPoints="1" visitedBranchPoints="1" sequenceCoverage="100" branchCoverage="100" maxCyclomaticComplexity="1" minCyclomaticComplexity="1" maxCrapScore="1" minCrapScore="1" visitedClasses="0" numClasses="0" visitedMethods="1" numMethods="1" />
              <MetadataToken>100663300</MetadataToken>
              <Name>System.Void Tests.Tests/TestLogging::HttpErrorEqulsTest()</Name>
              <FileRef uid="1" />
              <SequencePoints>
                <SequencePoint vc="1" uspid="16" ordinal="0" offset="0" sl="44" sc="13" el="44" ec="14" bec="0" bev="0" fileid="1" />
                <SequencePoint vc="1" uspid="17" ordinal="1" offset="1" sl="45" sc="17" el="45" ec="50" bec="0" bev="0" fileid="1" />
                <SequencePoint vc="1" uspid="18" ordinal="2" offset="7" sl="47" sc="17" el="47" ec="77" bec="0" bev="0" fileid="1" />
                <SequencePoint vc="1" uspid="19" ordinal="3" offset="24" sl="48" sc="17" el="48" ec="78" bec="0" bev="0" fileid="1" />
                <SequencePoint vc="1" uspid="20" ordinal="4" offset="41" sl="49" sc="17" el="49" ec="80" bec="0" bev="0" fileid="1" />
                <SequencePoint vc="1" uspid="21" ordinal="5" offset="58" sl="50" sc="17" el="50" ec="41" bec="0" bev="0" fileid="1" />
                <SequencePoint vc="1" uspid="22" ordinal="6" offset="61" sl="52" sc="17" el="52" ec="51" bec="0" bev="0" fileid="1" />
                <SequencePoint vc="1" uspid="23" ordinal="7" offset="74" sl="53" sc="17" el="53" ec="52" bec="0" bev="0" fileid="1" />
                <SequencePoint vc="1" uspid="24" ordinal="8" offset="87" sl="54" sc="17" el="54" ec="52" bec="0" bev="0" fileid="1" />
                <SequencePoint vc="1" uspid="25" ordinal="9" offset="101" sl="55" sc="13" el="55" ec="14" bec="0" bev="0" fileid="1" />
              </SequencePoints>
              <BranchPoints />
              <MethodPoint xsi:type="SequencePoint" vc="1" uspid="16" ordinal="0" offset="0" sl="44" sc="13" el="44" ec="14" bec="0" bev="0" fileid="1" />
            </Method>
            <Method visited="true" cyclomaticComplexity="1" nPathComplexity="0" sequenceCoverage="100" branchCoverage="100" crapScore="1" isConstructor="false" isStatic="false" isGetter="false" isSetter="false">
              <Summary numSequencePoints="6" visitedSequencePoints="6" numBranchPoints="1" visitedBranchPoints="1" sequenceCoverage="100" branchCoverage="100" maxCyclomaticComplexity="1" minCyclomaticComplexity="1" maxCrapScore="1" minCrapScore="1" visitedClasses="0" numClasses="0" visitedMethods="1" numMethods="1" />
              <MetadataToken>100663301</MetadataToken>
              <Name>System.Void Tests.Tests/TestLogging::HttpErrorGetHashCodeTest()</Name>
              <FileRef uid="1" />
              <SequencePoints>
                <SequencePoint vc="1" uspid="26" ordinal="0" offset="0" sl="59" sc="13" el="59" ec="14" bec="0" bev="0" fileid="1" />
                <SequencePoint vc="1" uspid="27" ordinal="1" offset="1" sl="60" sc="17" el="60" ec="50" bec="0" bev="0" fileid="1" />
                <SequencePoint vc="1" uspid="28" ordinal="2" offset="7" sl="62" sc="17" el="62" ec="77" bec="0" bev="0" fileid="1" />
                <SequencePoint vc="1" uspid="29" ordinal="3" offset="24" sl="63" sc="17" el="63" ec="78" bec="0" bev="0" fileid="1" />
                <SequencePoint vc="1" uspid="30" ordinal="4" offset="41" sl="64" sc="17" el="64" ec="76" bec="0" bev="0" fileid="1" />
                <SequencePoint vc="1" uspid="31" ordinal="5" offset="69" sl="65" sc="13" el="65" ec="14" bec="0" bev="0" fileid="1" />
              </SequencePoints>
              <BranchPoints />
              <MethodPoint xsi:type="SequencePoint" vc="1" uspid="26" ordinal="0" offset="0" sl="59" sc="13" el="59" ec="14" bec="0" bev="0" fileid="1" />
            </Method>
            <Method visited="true" cyclomaticComplexity="1" nPathComplexity="0" sequenceCoverage="100" branchCoverage="100" crapScore="1" isConstructor="false" isStatic="false" isGetter="false" isSetter="false">
              <Summary numSequencePoints="6" visitedSequencePoints="6" numBranchPoints="1" visitedBranchPoints="1" sequenceCoverage="100" branchCoverage="100" maxCyclomaticComplexity="1" minCyclomaticComplexity="1" maxCrapScore="1" minCrapScore="1" visitedClasses="0" numClasses="0" visitedMethods="1" numMethods="1" />
              <MetadataToken>100663302</MetadataToken>
              <Name>System.Void Tests.Tests/TestLogging::HttpErrorToStringTest()</Name>
              <FileRef uid="1" />
              <SequencePoints>
                <SequencePoint vc="1" uspid="32" ordinal="0" offset="0" sl="69" sc="13" el="69" ec="14" bec="0" bev="0" fileid="1" />
                <SequencePoint vc="1" uspid="33" ordinal="1" offset="1" sl="70" sc="17" el="70" ec="50" bec="0" bev="0" fileid="1" />
                <SequencePoint vc="1" uspid="34" ordinal="2" offset="7" sl="72" sc="17" el="72" ec="77" bec="0" bev="0" fileid="1" />
                <SequencePoint vc="1" uspid="35" ordinal="3" offset="24" sl="73" sc="17" el="73" ec="78" bec="0" bev="0" fileid="1" />
                <SequencePoint vc="1" uspid="36" ordinal="4" offset="41" sl="74" sc="17" el="74" ec="70" bec="0" bev="0" fileid="1" />
                <SequencePoint vc="1" uspid="37" ordinal="5" offset="59" sl="75" sc="13" el="75" ec="14" bec="0" bev="0" fileid="1" />
              </SequencePoints>
              <BranchPoints />
              <MethodPoint xsi:type="SequencePoint" vc="1" uspid="32" ordinal="0" offset="0" sl="69" sc="13" el="69" ec="14" bec="0" bev="0" fileid="1" />
            </Method>
            <Method visited="true" cyclomaticComplexity="2" nPathComplexity="0" sequenceCoverage="100" branchCoverage="100" crapScore="2" isConstructor="false" isStatic="false" isGetter="false" isSetter="false">
              <Summary numSequencePoints="6" visitedSequencePoints="6" numBranchPoints="1" visitedBranchPoints="1" sequenceCoverage="100" branchCoverage="100" maxCyclomaticComplexity="2" minCyclomaticComplexity="2" maxCrapScore="2" minCrapScore="2" visitedClasses="0" numClasses="0" visitedMethods="1" numMethods="1" />
              <MetadataToken>100663303</MetadataToken>
              <Name>System.Void Tests.Tests/TestLogging::GetHttpErrorsFromFileTest()</Name>
              <FileRef uid="1" />
              <SequencePoints>
                <SequencePoint vc="1" uspid="38" ordinal="0" offset="0" sl="79" sc="13" el="79" ec="14" bec="0" bev="0" fileid="1" />
                <SequencePoint vc="1" uspid="39" ordinal="1" offset="1" sl="80" sc="17" el="80" ec="126" bec="0" bev="0" fileid="1" />
                <SequencePoint vc="1" uspid="40" ordinal="2" offset="17" sl="81" sc="17" el="81" ec="50" bec="0" bev="0" fileid="1" />
                <SequencePoint vc="1" uspid="41" ordinal="3" offset="40" sl="82" sc="17" el="82" ec="59" bec="0" bev="0" fileid="1" />
                <SequencePoint vc="1" uspid="42" ordinal="4" offset="73" sl="84" sc="17" el="85" ec="113" bec="0" bev="0" fileid="1" />
                <SequencePoint vc="1" uspid="43" ordinal="5" offset="120" sl="86" sc="13" el="86" ec="14" bec="0" bev="0" fileid="1" />
              </SequencePoints>
              <BranchPoints />
              <MethodPoint xsi:type="SequencePoint" vc="1" uspid="38" ordinal="0" offset="0" sl="79" sc="13" el="79" ec="14" bec="0" bev="0" fileid="1" />
            </Method>
            <Method visited="true" cyclomaticComplexity="1" nPathComplexity="0" sequenceCoverage="100" branchCoverage="100" crapScore="1" isConstructor="false" isStatic="false" isGetter="false" isSetter="false">
              <Summary numSequencePoints="5" visitedSequencePoints="5" numBranchPoints="1" visitedBranchPoints="1" sequenceCoverage="100" branchCoverage="100" maxCyclomaticComplexity="1" minCyclomaticComplexity="1" maxCrapScore="1" minCrapScore="1" visitedClasses="0" numClasses="0" visitedMethods="1" numMethods="1" />
              <MetadataToken>100663304</MetadataToken>
              <Name>System.Void Tests.Tests/TestLogging::PrintCodesToFileTest()</Name>
              <FileRef uid="1" />
              <SequencePoints>
                <SequencePoint vc="1" uspid="46" ordinal="0" offset="6" sl="90" sc="13" el="90" ec="14" bec="0" bev="0" fileid="1" />
                <SequencePoint vc="1" uspid="47" ordinal="1" offset="7" sl="91" sc="17" el="91" ec="126" bec="0" bev="0" fileid="1" />
                <SequencePoint vc="1" uspid="48" ordinal="2" offset="28" sl="92" sc="17" el="92" ec="95" bec="0" bev="0" fileid="1" />
                <SequencePoint vc="1" uspid="49" ordinal="3" offset="45" sl="94" sc="17" el="95" ec="116" bec="0" bev="0" fileid="1" />
                <SequencePoint vc="1" uspid="50" ordinal="4" offset="73" sl="97" sc="13" el="97" ec="14" bec="0" bev="0" fileid="1" />
              </SequencePoints>
              <BranchPoints />
              <MethodPoint vc="1" uspid="51" ordinal="0" offset="0" />
            </Method>
            <Method visited="true" cyclomaticComplexity="1" nPathComplexity="0" sequenceCoverage="100" branchCoverage="100" crapScore="1" isConstructor="false" isStatic="false" isGetter="false" isSetter="false">
              <Summary numSequencePoints="4" visitedSequencePoints="4" numBranchPoints="1" visitedBranchPoints="1" sequenceCoverage="100" branchCoverage="100" maxCyclomaticComplexity="1" minCyclomaticComplexity="1" maxCrapScore="1" minCrapScore="1" visitedClasses="0" numClasses="0" visitedMethods="1" numMethods="1" />
              <MetadataToken>100663305</MetadataToken>
              <Name>System.Void Tests.Tests/TestLogging::OutoutErrorsTests()</Name>
              <FileRef uid="1" />
              <SequencePoints>
                <SequencePoint vc="1" uspid="52" ordinal="0" offset="0" sl="101" sc="13" el="101" ec="14" bec="0" bev="0" fileid="1" />
                <SequencePoint vc="1" uspid="53" ordinal="1" offset="1" sl="102" sc="17" el="102" ec="126" bec="0" bev="0" fileid="1" />
                <SequencePoint vc="1" uspid="54" ordinal="2" offset="17" sl="103" sc="17" el="103" ec="56" bec="0" bev="0" fileid="1" />
                <SequencePoint vc="1" uspid="55" ordinal="3" offset="24" sl="104" sc="13" el="104" ec="14" bec="0" bev="0" fileid="1" />
              </SequencePoints>
              <BranchPoints />
              <MethodPoint xsi:type="SequencePoint" vc="1" uspid="52" ordinal="0" offset="0" sl="101" sc="13" el="101" ec="14" bec="0" bev="0" fileid="1" />
            </Method>
            <Method visited="true" cyclomaticComplexity="1" nPathComplexity="0" sequenceCoverage="60" branchCoverage="100" crapScore="1.06" isConstructor="false" isStatic="false" isGetter="false" isSetter="false">
              <Summary numSequencePoints="5" visitedSequencePoints="3" numBranchPoints="1" visitedBranchPoints="1" sequenceCoverage="60" branchCoverage="100" maxCyclomaticComplexity="1" minCyclomaticComplexity="1" maxCrapScore="1.06" minCrapScore="1.06" visitedClasses="0" numClasses="0" visitedMethods="1" numMethods="1" />
              <MetadataToken>100663306</MetadataToken>
              <Name>System.Void Tests.Tests/TestLogging::ReplaceCodesToDescription()</Name>
              <FileRef uid="1" />
              <SequencePoints>
                <SequencePoint vc="1" uspid="56" ordinal="0" offset="6" sl="108" sc="13" el="108" ec="14" bec="0" bev="0" fileid="1" />
                <SequencePoint vc="1" uspid="57" ordinal="1" offset="7" sl="109" sc="17" el="109" ec="126" bec="0" bev="0" fileid="1" />
                <SequencePoint vc="1" uspid="58" ordinal="2" offset="28" sl="110" sc="17" el="110" ec="95" bec="0" bev="0" fileid="1" />
                <SequencePoint vc="0" uspid="59" ordinal="3" offset="45" sl="112" sc="17" el="113" ec="125" bec="0" bev="0" fileid="1" />
                <SequencePoint vc="0" uspid="60" ordinal="4" offset="73" sl="114" sc="13" el="114" ec="14" bec="0" bev="0" fileid="1" />
              </SequencePoints>
              <BranchPoints />
              <MethodPoint vc="1" uspid="61" ordinal="0" offset="0" />
            </Method>
            <Method visited="false" cyclomaticComplexity="1" nPathComplexity="0" sequenceCoverage="0" branchCoverage="0" crapScore="2" isConstructor="true" isStatic="false" isGetter="false" isSetter="false">
              <Summary numSequencePoints="0" visitedSequencePoints="0" numBranchPoints="0" visitedBranchPoints="0" sequenceCoverage="0" branchCoverage="0" maxCyclomaticComplexity="1" minCyclomaticComplexity="1" maxCrapScore="2" minCrapScore="2" visitedClasses="0" numClasses="0" visitedMethods="0" numMethods="0" />
              <MetadataToken>100663307</MetadataToken>
              <Name>System.Void Tests.Tests/TestLogging::.ctor()</Name>
              <SequencePoints />
              <BranchPoints />
              <MethodPoint vc="0" uspid="62" ordinal="0" offset="0" />
            </Method>
          </Methods>
        </Class>
        <Class>
          <Summary numSequencePoints="1" visitedSequencePoints="1" numBranchPoints="1" visitedBranchPoints="1" sequenceCoverage="100" branchCoverage="100" maxCyclomaticComplexity="1" minCyclomaticComplexity="1" maxCrapScore="2" minCrapScore="1" visitedClasses="1" numClasses="1" visitedMethods="1" numMethods="1" />
          <FullName>Tests.Tests/TestLogging/&lt;&gt;c</FullName>
          <Methods>
            <Method visited="false" cyclomaticComplexity="1" nPathComplexity="0" sequenceCoverage="0" branchCoverage="0" crapScore="2" isConstructor="true" isStatic="true" isGetter="false" isSetter="false">
              <Summary numSequencePoints="0" visitedSequencePoints="0" numBranchPoints="0" visitedBranchPoints="0" sequenceCoverage="0" branchCoverage="0" maxCyclomaticComplexity="1" minCyclomaticComplexity="1" maxCrapScore="2" minCrapScore="2" visitedClasses="0" numClasses="0" visitedMethods="0" numMethods="0" />
              <MetadataToken>100663308</MetadataToken>
              <Name>System.Void Tests.Tests/TestLogging/&lt;&gt;c::.cctor()</Name>
              <SequencePoints />
              <BranchPoints />
              <MethodPoint vc="0" uspid="63" ordinal="0" offset="0" />
            </Method>
            <Method visited="false" cyclomaticComplexity="1" nPathComplexity="0" sequenceCoverage="0" branchCoverage="0" crapScore="2" isConstructor="true" isStatic="false" isGetter="false" isSetter="false">
              <Summary numSequencePoints="0" visitedSequencePoints="0" numBranchPoints="0" visitedBranchPoints="0" sequenceCoverage="0" branchCoverage="0" maxCyclomaticComplexity="1" minCyclomaticComplexity="1" maxCrapScore="2" minCrapScore="2" visitedClasses="0" numClasses="0" visitedMethods="0" numMethods="0" />
              <MetadataToken>100663309</MetadataToken>
              <Name>System.Void Tests.Tests/TestLogging/&lt;&gt;c::.ctor()</Name>
              <SequencePoints />
              <BranchPoints />
              <MethodPoint vc="0" uspid="64" ordinal="0" offset="0" />
            </Method>
            <Method visited="true" cyclomaticComplexity="1" nPathComplexity="0" sequenceCoverage="100" branchCoverage="100" crapScore="1" isConstructor="false" isStatic="false" isGetter="false" isSetter="false">
              <Summary numSequencePoints="1" visitedSequencePoints="1" numBranchPoints="1" visitedBranchPoints="1" sequenceCoverage="100" branchCoverage="100" maxCyclomaticComplexity="1" minCyclomaticComplexity="1" maxCrapScore="1" minCrapScore="1" visitedClasses="0" numClasses="0" visitedMethods="1" numMethods="1" />
              <MetadataToken>100663310</MetadataToken>
              <Name>System.Void Tests.Tests/TestLogging/&lt;&gt;c::&lt;GetHttpErrorsFromFileTest&gt;b__5_0()</Name>
              <FileRef uid="1" />
              <SequencePoints>
                <SequencePoint vc="1" uspid="65" ordinal="0" offset="0" sl="85" sc="27" el="85" ec="111" bec="0" bev="0" fileid="1" />
              </SequencePoints>
              <BranchPoints />
              <MethodPoint xsi:type="SequencePoint" vc="1" uspid="65" ordinal="0" offset="0" sl="85" sc="27" el="85" ec="111" bec="0" bev="0" fileid="1" />
            </Method>
          </Methods>
        </Class>
        <Class>
          <Summary numSequencePoints="1" visitedSequencePoints="1" numBranchPoints="1" visitedBranchPoints="1" sequenceCoverage="100" branchCoverage="100" maxCyclomaticComplexity="1" minCyclomaticComplexity="1" maxCrapScore="2" minCrapScore="1" visitedClasses="1" numClasses="1" visitedMethods="1" numMethods="1" />
          <FullName>Tests.Tests/TestLogging/&lt;&gt;c__DisplayClass6_0</FullName>
          <Methods>
            <Method visited="false" cyclomaticComplexity="1" nPathComplexity="0" sequenceCoverage="0" branchCoverage="0" crapScore="2" isConstructor="true" isStatic="false" isGetter="false" isSetter="false">
              <Summary numSequencePoints="0" visitedSequencePoints="0" numBranchPoints="0" visitedBranchPoints="0" sequenceCoverage="0" branchCoverage="0" maxCyclomaticComplexity="1" minCyclomaticComplexity="1" maxCrapScore="2" minCrapScore="2" visitedClasses="0" numClasses="0" visitedMethods="0" numMethods="0" />
              <MetadataToken>100663311</MetadataToken>
              <Name>System.Void Tests.Tests/TestLogging/&lt;&gt;c__DisplayClass6_0::.ctor()</Name>
              <SequencePoints />
              <BranchPoints />
              <MethodPoint vc="0" uspid="66" ordinal="0" offset="0" />
            </Method>
            <Method visited="true" cyclomaticComplexity="1" nPathComplexity="0" sequenceCoverage="100" branchCoverage="100" crapScore="1" isConstructor="false" isStatic="false" isGetter="false" isSetter="false">
              <Summary numSequencePoints="1" visitedSequencePoints="1" numBranchPoints="1" visitedBranchPoints="1" sequenceCoverage="100" branchCoverage="100" maxCyclomaticComplexity="1" minCyclomaticComplexity="1" maxCrapScore="1" minCrapScore="1" visitedClasses="0" numClasses="0" visitedMethods="1" numMethods="1" />
              <MetadataToken>100663312</MetadataToken>
              <Name>System.Void Tests.Tests/TestLogging/&lt;&gt;c__DisplayClass6_0::&lt;PrintCodesToFileTest&gt;b__0()</Name>
              <FileRef uid="1" />
              <SequencePoints>
                <SequencePoint vc="1" uspid="67" ordinal="0" offset="0" sl="95" sc="27" el="95" ec="114" bec="0" bev="0" fileid="1" />
              </SequencePoints>
              <BranchPoints />
              <MethodPoint xsi:type="SequencePoint" vc="1" uspid="67" ordinal="0" offset="0" sl="95" sc="27" el="95" ec="114" bec="0" bev="0" fileid="1" />
            </Method>
          </Methods>
        </Class>
        <Class>
          <Summary numSequencePoints="1" visitedSequencePoints="0" numBranchPoints="1" visitedBranchPoints="0" sequenceCoverage="0" branchCoverage="0" maxCyclomaticComplexity="1" minCyclomaticComplexity="1" maxCrapScore="2" minCrapScore="2" visitedClasses="0" numClasses="1" visitedMethods="0" numMethods="1" />
          <FullName>Tests.Tests/TestLogging/&lt;&gt;c__DisplayClass8_0</FullName>
          <Methods>
            <Method visited="false" cyclomaticComplexity="1" nPathComplexity="0" sequenceCoverage="0" branchCoverage="0" crapScore="2" isConstructor="true" isStatic="false" isGetter="false" isSetter="false">
              <Summary numSequencePoints="0" visitedSequencePoints="0" numBranchPoints="0" visitedBranchPoints="0" sequenceCoverage="0" branchCoverage="0" maxCyclomaticComplexity="1" minCyclomaticComplexity="1" maxCrapScore="2" minCrapScore="2" visitedClasses="0" numClasses="0" visitedMethods="0" numMethods="0" />
              <MetadataToken>100663313</MetadataToken>
              <Name>System.Void Tests.Tests/TestLogging/&lt;&gt;c__DisplayClass8_0::.ctor()</Name>
              <SequencePoints />
              <BranchPoints />
              <MethodPoint vc="0" uspid="68" ordinal="0" offset="0" />
            </Method>
            <Method visited="false" cyclomaticComplexity="1" nPathComplexity="0" sequenceCoverage="0" branchCoverage="0" crapScore="2" isConstructor="false" isStatic="false" isGetter="false" isSetter="false">
              <Summary numSequencePoints="1" visitedSequencePoints="0" numBranchPoints="1" visitedBranchPoints="0" sequenceCoverage="0" branchCoverage="0" maxCyclomaticComplexity="1" minCyclomaticComplexity="1" maxCrapScore="2" minCrapScore="2" visitedClasses="0" numClasses="0" visitedMethods="0" numMethods="1" />
              <MetadataToken>100663314</MetadataToken>
              <Name>System.Void Tests.Tests/TestLogging/&lt;&gt;c__DisplayClass8_0::&lt;ReplaceCodesToDescription&gt;b__0()</Name>
              <FileRef uid="1" />
              <SequencePoints>
                <SequencePoint vc="0" uspid="69" ordinal="0" offset="0" sl="113" sc="27" el="113" ec="123" bec="0" bev="0" fileid="1" />
              </SequencePoints>
              <BranchPoints />
              <MethodPoint xsi:type="SequencePoint" vc="0" uspid="69" ordinal="0" offset="0" sl="113" sc="27" el="113" ec="123" bec="0" bev="0" fileid="1" />
            </Method>
          </Methods>
        </Class>
      </Classes>
      <TrackedMethods />
    </Module>
    <Module hash="5B-86-0C-84-E3-31-FF-3E-3F-9B-65-1F-14-7B-7E-E5-49-D6-49-DD">
      <Summary numSequencePoints="111" visitedSequencePoints="79" numBranchPoints="21" visitedBranchPoints="19" sequenceCoverage="71.17" branchCoverage="90.48" maxCyclomaticComplexity="8" minCyclomaticComplexity="1" maxCrapScore="8" minCrapScore="1" visitedClasses="3" numClasses="4" visitedMethods="10" numMethods="11" />
      <ModulePath>D:\Team5\Task1\Tests\bin\Debug\Task1.exe</ModulePath>
      <ModuleTime>2018-10-01T17:42:43.9677815Z</ModuleTime>
      <ModuleName>Task1</ModuleName>
      <Files>
        <File uid="9" fullPath="D:\Team5\Task1\Task1\Program.cs" />
        <File uid="10" fullPath="D:\Team5\Task1\Task1\Services\HttpErrorsService.cs" />
        <File uid="12" fullPath="D:\Team5\Task1\Task1\Models\HttpError.cs" />
      </Files>
      <Classes>
        <Class>
          <Summary numSequencePoints="18" visitedSequencePoints="0" numBranchPoints="1" visitedBranchPoints="0" sequenceCoverage="0" branchCoverage="0" maxCyclomaticComplexity="1" minCyclomaticComplexity="1" maxCrapScore="2" minCrapScore="2" visitedClasses="0" numClasses="1" visitedMethods="0" numMethods="1" />
          <FullName>Task1.Program</FullName>
          <Methods>
            <Method visited="false" cyclomaticComplexity="1" nPathComplexity="0" sequenceCoverage="0" branchCoverage="0" crapScore="2" isConstructor="false" isStatic="true" isGetter="false" isSetter="false">
              <Summary numSequencePoints="18" visitedSequencePoints="0" numBranchPoints="1" visitedBranchPoints="0" sequenceCoverage="0" branchCoverage="0" maxCyclomaticComplexity="1" minCyclomaticComplexity="1" maxCrapScore="2" minCrapScore="2" visitedClasses="0" numClasses="0" visitedMethods="0" numMethods="1" />
              <MetadataToken>100663297</MetadataToken>
              <Name>System.Void Task1.Program::Main(System.String[])</Name>
              <FileRef uid="9" />
              <SequencePoints>
                <SequencePoint vc="0" uspid="70" ordinal="0" offset="0" sl="20" sc="9" el="20" ec="10" bec="0" bev="0" fileid="9" />
                <SequencePoint vc="0" uspid="71" ordinal="1" offset="1" sl="22" sc="13" el="22" ec="14" bec="0" bev="0" fileid="9" />
                <SequencePoint vc="0" uspid="72" ordinal="2" offset="2" sl="23" sc="17" el="23" ec="117" bec="0" bev="0" fileid="9" />
                <SequencePoint vc="0" uspid="73" ordinal="3" offset="18" sl="24" sc="17" el="24" ec="58" bec="0" bev="0" fileid="9" />
                <SequencePoint vc="0" uspid="74" ordinal="4" offset="29" sl="25" sc="17" el="25" ec="56" bec="0" bev="0" fileid="9" />
                <SequencePoint vc="0" uspid="75" ordinal="5" offset="36" sl="26" sc="17" el="26" ec="54" bec="0" bev="0" fileid="9" />
                <SequencePoint vc="0" uspid="76" ordinal="6" offset="47" sl="27" sc="17" el="27" ec="95" bec="0" bev="0" fileid="9" />
                <SequencePoint vc="0" uspid="77" ordinal="7" offset="59" sl="28" sc="17" el="28" ec="86" bec="0" bev="0" fileid="9" />
                <SequencePoint vc="0" uspid="78" ordinal="8" offset="71" sl="29" sc="13" el="29" ec="14" bec="0" bev="0" fileid="9" />
                <SequencePoint vc="0" uspid="79" ordinal="9" offset="74" sl="30" sc="13" el="30" ec="42" bec="0" bev="0" fileid="9" />
                <SequencePoint vc="0" uspid="80" ordinal="10" offset="75" sl="31" sc="13" el="31" ec="14" bec="0" bev="0" fileid="9" />
                <SequencePoint vc="0" uspid="81" ordinal="11" offset="76" sl="32" sc="17" el="32" ec="54" bec="0" bev="0" fileid="9" />
                <SequencePoint vc="0" uspid="82" ordinal="12" offset="88" sl="33" sc="13" el="33" ec="14" bec="0" bev="0" fileid="9" />
                <SequencePoint vc="0" uspid="83" ordinal="13" offset="91" sl="34" sc="13" el="34" ec="40" bec="0" bev="0" fileid="9" />
                <SequencePoint vc="0" uspid="84" ordinal="14" offset="92" sl="35" sc="13" el="35" ec="14" bec="0" bev="0" fileid="9" />
                <SequencePoint vc="0" uspid="85" ordinal="15" offset="93" sl="36" sc="17" el="36" ec="54" bec="0" bev="0" fileid="9" />
                <SequencePoint vc="0" uspid="86" ordinal="16" offset="105" sl="37" sc="13" el="37" ec="14" bec="0" bev="0" fileid="9" />
                <SequencePoint vc="0" uspid="87" ordinal="17" offset="108" sl="38" sc="9" el="38" ec="10" bec="0" bev="0" fileid="9" />
              </SequencePoints>
              <BranchPoints />
              <MethodPoint xsi:type="SequencePoint" vc="0" uspid="70" ordinal="0" offset="0" sl="20" sc="9" el="20" ec="10" bec="0" bev="0" fileid="9" />
            </Method>
            <Method visited="false" cyclomaticComplexity="1" nPathComplexity="0" sequenceCoverage="0" branchCoverage="0" crapScore="2" isConstructor="true" isStatic="false" isGetter="false" isSetter="false">
              <Summary numSequencePoints="0" visitedSequencePoints="0" numBranchPoints="0" visitedBranchPoints="0" sequenceCoverage="0" branchCoverage="0" maxCyclomaticComplexity="1" minCyclomaticComplexity="1" maxCrapScore="2" minCrapScore="2" visitedClasses="0" numClasses="0" visitedMethods="0" numMethods="0" />
              <MetadataToken>100663298</MetadataToken>
              <Name>System.Void Task1.Program::.ctor()</Name>
              <SequencePoints />
              <BranchPoints />
              <MethodPoint vc="0" uspid="88" ordinal="0" offset="0" />
            </Method>
          </Methods>
        </Class>
        <Class>
          <Summary numSequencePoints="70" visitedSequencePoints="56" numBranchPoints="12" visitedBranchPoints="11" sequenceCoverage="80" branchCoverage="91.67" maxCyclomaticComplexity="8" minCyclomaticComplexity="1" maxCrapScore="8" minCrapScore="2" visitedClasses="1" numClasses="1" visitedMethods="4" numMethods="4" />
          <FullName>Task1.Services.HttpErrorsService</FullName>
          <Methods>
            <Method visited="true" cyclomaticComplexity="4" nPathComplexity="4" sequenceCoverage="100" branchCoverage="100" crapScore="4" isConstructor="false" isStatic="true" isGetter="false" isSetter="false">
              <Summary numSequencePoints="16" visitedSequencePoints="16" numBranchPoints="5" visitedBranchPoints="5" sequenceCoverage="100" branchCoverage="100" maxCyclomaticComplexity="4" minCyclomaticComplexity="4" maxCrapScore="4" minCrapScore="4" visitedClasses="0" numClasses="0" visitedMethods="1" numMethods="1" />
              <MetadataToken>100663299</MetadataToken>
              <Name>System.Collections.Generic.IEnumerable`1&lt;Task1.Models.HttpError&gt; Task1.Services.HttpErrorsService::GetHttpErrorsFromFile(System.String)</Name>
              <FileRef uid="10" />
              <SequencePoints>
                <SequencePoint vc="5" uspid="89" ordinal="0" offset="0" sl="26" sc="9" el="26" ec="10" bec="0" bev="0" fileid="10" />
                <SequencePoint vc="5" uspid="90" ordinal="1" offset="1" sl="27" sc="13" el="27" ec="35" bec="2" bev="2" fileid="10" />
                <SequencePoint vc="4" uspid="91" ordinal="2" offset="11" sl="28" sc="13" el="28" ec="14" bec="0" bev="0" fileid="10" />
                <SequencePoint vc="4" uspid="92" ordinal="3" offset="12" sl="29" sc="24" el="29" ec="85" bec="0" bev="0" fileid="10" />
                <SequencePoint vc="4" uspid="93" ordinal="4" offset="24" sl="30" sc="17" el="30" ec="18" bec="0" bev="0" fileid="10" />
                <SequencePoint vc="4" uspid="94" ordinal="5" offset="25" sl="31" sc="20" el="31" ec="55" bec="0" bev="0" fileid="10" />
                <SequencePoint vc="24" uspid="95" ordinal="6" offset="33" sl="34" sc="21" el="34" ec="22" bec="0" bev="0" fileid="10" />
                <SequencePoint vc="24" uspid="96" ordinal="7" offset="34" sl="35" sc="25" el="35" ec="50" bec="0" bev="0" fileid="10" />
                <SequencePoint vc="24" uspid="97" ordinal="8" offset="41" sl="36" sc="25" el="36" ec="53" bec="0" bev="0" fileid="10" />
                <SequencePoint vc="24" uspid="98" ordinal="9" offset="60" sl="37" sc="25" el="37" ec="145" bec="0" bev="0" fileid="10" />
                <SequencePoint vc="24" uspid="99" ordinal="10" offset="94" sl="38" sc="21" el="38" ec="22" bec="0" bev="0" fileid="10" />
                <SequencePoint vc="28" uspid="100" ordinal="11" offset="95" sl="33" sc="21" el="33" ec="44" bec="2" bev="2" fileid="10" />
                <SequencePoint vc="4" uspid="101" ordinal="12" offset="110" sl="40" sc="21" el="40" ec="35" bec="0" bev="0" fileid="10" />
                <SequencePoint vc="1" uspid="102" ordinal="13" offset="126" sl="44" sc="13" el="44" ec="14" bec="0" bev="0" fileid="10" />
                <SequencePoint vc="1" uspid="103" ordinal="14" offset="127" sl="45" sc="17" el="45" ec="59" bec="0" bev="0" fileid="10" />
                <SequencePoint vc="4" uspid="104" ordinal="15" offset="138" sl="47" sc="9" el="47" ec="10" bec="0" bev="0" fileid="10" />
              </SequencePoints>
              <BranchPoints>
                <BranchPoint vc="4" uspid="105" ordinal="0" offset="9" sl="27" path="0" offsetend="11" fileid="10" />
                <BranchPoint vc="1" uspid="106" ordinal="1" offset="9" sl="27" path="1" offsetend="126" fileid="10" />
                <BranchPoint vc="4" uspid="107" ordinal="2" offset="108" sl="33" path="0" offsetend="110" fileid="10" />
                <BranchPoint vc="24" uspid="108" ordinal="3" offset="108" sl="33" path="1" offsetend="33" fileid="10" />
              </BranchPoints>
              <MethodPoint xsi:type="SequencePoint" vc="5" uspid="89" ordinal="0" offset="0" sl="26" sc="9" el="26" ec="10" bec="0" bev="0" fileid="10" />
            </Method>
            <Method visited="true" cyclomaticComplexity="3" nPathComplexity="2" sequenceCoverage="22.22" branchCoverage="66.67" crapScore="7.23" isConstructor="false" isStatic="true" isGetter="false" isSetter="false">
              <Summary numSequencePoints="18" visitedSequencePoints="4" numBranchPoints="3" visitedBranchPoints="2" sequenceCoverage="22.22" branchCoverage="66.67" maxCyclomaticComplexity="3" minCyclomaticComplexity="3" maxCrapScore="7.23" minCrapScore="7.23" visitedClasses="0" numClasses="0" visitedMethods="1" numMethods="1" />
              <MetadataToken>100663300</MetadataToken>
              <Name>System.Void Task1.Services.HttpErrorsService::ReplaceCodesToDescription(System.Collections.Generic.List`1&lt;Task1.Models.HttpError&gt;,System.String)</Name>
              <FileRef uid="10" />
              <SequencePoints>
                <SequencePoint vc="1" uspid="109" ordinal="0" offset="0" sl="55" sc="9" el="55" ec="10" bec="0" bev="0" fileid="10" />
                <SequencePoint vc="1" uspid="110" ordinal="1" offset="1" sl="56" sc="13" el="56" ec="35" bec="2" bev="1" fileid="10" />
                <SequencePoint vc="0" uspid="111" ordinal="2" offset="14" sl="57" sc="13" el="57" ec="14" bec="0" bev="0" fileid="10" />
                <SequencePoint vc="0" uspid="112" ordinal="3" offset="15" sl="58" sc="17" el="58" ec="51" bec="0" bev="0" fileid="10" />
                <SequencePoint vc="0" uspid="113" ordinal="4" offset="22" sl="59" sc="17" el="59" ec="54" bec="0" bev="0" fileid="10" />
                <SequencePoint vc="0" uspid="114" ordinal="5" offset="29" sl="60" sc="17" el="60" ec="24" bec="0" bev="0" fileid="10" />
                <SequencePoint vc="0" uspid="115" ordinal="6" offset="30" sl="60" sc="38" el="60" ec="44" bec="0" bev="0" fileid="10" />
                <SequencePoint vc="0" uspid="116" ordinal="7" offset="39" sl="60" sc="26" el="60" ec="34" bec="0" bev="0" fileid="10" />
                <SequencePoint vc="0" uspid="117" ordinal="8" offset="48" sl="61" sc="17" el="61" ec="18" bec="0" bev="0" fileid="10" />
                <SequencePoint vc="0" uspid="118" ordinal="9" offset="49" sl="62" sc="21" el="62" ec="79" bec="0" bev="0" fileid="10" />
                <SequencePoint vc="0" uspid="119" ordinal="10" offset="80" sl="63" sc="21" el="63" ec="81" bec="0" bev="0" fileid="10" />
                <SequencePoint vc="0" uspid="120" ordinal="11" offset="105" sl="64" sc="17" el="64" ec="18" bec="0" bev="0" fileid="10" />
                <SequencePoint vc="0" uspid="121" ordinal="12" offset="106" sl="60" sc="35" el="60" ec="37" bec="0" bev="0" fileid="10" />
                <SequencePoint vc="0" uspid="122" ordinal="13" offset="132" sl="66" sc="17" el="66" ec="41" bec="0" bev="0" fileid="10" />
                <SequencePoint vc="0" uspid="123" ordinal="14" offset="139" sl="67" sc="13" el="67" ec="14" bec="0" bev="0" fileid="10" />
                <SequencePoint vc="1" uspid="124" ordinal="15" offset="142" sl="69" sc="13" el="69" ec="14" bec="0" bev="0" fileid="10" />
                <SequencePoint vc="1" uspid="125" ordinal="16" offset="143" sl="70" sc="17" el="70" ec="59" bec="0" bev="0" fileid="10" />
                <SequencePoint vc="0" uspid="126" ordinal="17" offset="154" sl="72" sc="9" el="72" ec="10" bec="0" bev="0" fileid="10" />
              </SequencePoints>
              <BranchPoints>
                <BranchPoint vc="0" uspid="127" ordinal="0" offset="9" sl="56" path="0" offsetend="14" fileid="10" />
                <BranchPoint vc="1" uspid="128" ordinal="1" offset="9" sl="56" path="1" offsetend="142" fileid="10" />
              </BranchPoints>
              <MethodPoint xsi:type="SequencePoint" vc="1" uspid="109" ordinal="0" offset="0" sl="55" sc="9" el="55" ec="10" bec="0" bev="0" fileid="10" />
            </Method>
            <Method visited="true" cyclomaticComplexity="8" nPathComplexity="2" sequenceCoverage="100" branchCoverage="100" crapScore="8" isConstructor="false" isStatic="true" isGetter="false" isSetter="false">
              <Summary numSequencePoints="27" visitedSequencePoints="27" numBranchPoints="3" visitedBranchPoints="3" sequenceCoverage="100" branchCoverage="100" maxCyclomaticComplexity="8" minCyclomaticComplexity="8" maxCrapScore="8" minCrapScore="8" visitedClasses="0" numClasses="0" visitedMethods="1" numMethods="1" />
              <MetadataToken>100663301</MetadataToken>
              <Name>System.Void Task1.Services.HttpErrorsService::PrintCodesToFile(System.Collections.Generic.List`1&lt;Task1.Models.HttpError&gt;,System.String)</Name>
              <FileRef uid="10" />
              <SequencePoints>
                <SequencePoint vc="2" uspid="131" ordinal="0" offset="0" sl="80" sc="9" el="80" ec="10" bec="0" bev="0" fileid="10" />
                <SequencePoint vc="2" uspid="132" ordinal="1" offset="1" sl="81" sc="13" el="82" ec="49" bec="0" bev="0" fileid="10" />
                <SequencePoint vc="2" uspid="133" ordinal="2" offset="39" sl="84" sc="13" el="84" ec="35" bec="2" bev="2" fileid="10" />
                <SequencePoint vc="1" uspid="134" ordinal="3" offset="52" sl="85" sc="13" el="85" ec="14" bec="0" bev="0" fileid="10" />
                <SequencePoint vc="1" uspid="135" ordinal="4" offset="53" sl="86" sc="24" el="86" ec="57" bec="0" bev="0" fileid="10" />
                <SequencePoint vc="1" uspid="136" ordinal="5" offset="60" sl="87" sc="17" el="87" ec="18" bec="0" bev="0" fileid="10" />
                <SequencePoint vc="1" uspid="137" ordinal="6" offset="61" sl="88" sc="21" el="88" ec="28" bec="0" bev="0" fileid="10" />
                <SequencePoint vc="1" uspid="138" ordinal="7" offset="62" sl="88" sc="65" el="88" ec="71" bec="0" bev="0" fileid="10" />
                <SequencePoint vc="3" uspid="139" ordinal="8" offset="71" sl="88" sc="30" el="88" ec="61" bec="0" bev="0" fileid="10" />
                <SequencePoint vc="3" uspid="140" ordinal="9" offset="79" sl="89" sc="21" el="89" ec="22" bec="0" bev="0" fileid="10" />
                <SequencePoint vc="3" uspid="141" ordinal="10" offset="80" sl="90" sc="25" el="90" ec="51" bec="0" bev="0" fileid="10" />
                <SequencePoint vc="3" uspid="142" ordinal="11" offset="94" sl="91" sc="25" el="91" ec="58" bec="0" bev="0" fileid="10" />
                <SequencePoint vc="3" uspid="143" ordinal="12" offset="106" sl="92" sc="25" el="92" ec="32" bec="0" bev="0" fileid="10" />
                <SequencePoint vc="3" uspid="144" ordinal="13" offset="107" sl="92" sc="43" el="92" ec="48" bec="0" bev="0" fileid="10" />
                <SequencePoint vc="6" uspid="145" ordinal="14" offset="118" sl="92" sc="34" el="92" ec="39" bec="0" bev="0" fileid="10" />
                <SequencePoint vc="6" uspid="146" ordinal="15" offset="127" sl="93" sc="25" el="93" ec="26" bec="0" bev="0" fileid="10" />
                <SequencePoint vc="6" uspid="147" ordinal="16" offset="128" sl="94" sc="29" el="94" ec="57" bec="0" bev="0" fileid="10" />
                <SequencePoint vc="6" uspid="148" ordinal="17" offset="147" sl="95" sc="29" el="95" ec="58" bec="0" bev="0" fileid="10" />
                <SequencePoint vc="6" uspid="149" ordinal="18" offset="159" sl="96" sc="25" el="96" ec="26" bec="0" bev="0" fileid="10" />
                <SequencePoint vc="9" uspid="150" ordinal="19" offset="160" sl="92" sc="40" el="92" ec="42" bec="0" bev="0" fileid="10" />
                <SequencePoint vc="3" uspid="151" ordinal="20" offset="184" sl="97" sc="21" el="97" ec="22" bec="0" bev="0" fileid="10" />
                <SequencePoint vc="4" uspid="152" ordinal="21" offset="185" sl="88" sc="62" el="88" ec="64" bec="0" bev="0" fileid="10" />
                <SequencePoint vc="1" uspid="153" ordinal="22" offset="206" sl="98" sc="17" el="98" ec="18" bec="0" bev="0" fileid="10" />
                <SequencePoint vc="1" uspid="154" ordinal="23" offset="220" sl="99" sc="13" el="99" ec="14" bec="0" bev="0" fileid="10" />
                <SequencePoint vc="1" uspid="155" ordinal="24" offset="223" sl="101" sc="13" el="101" ec="14" bec="0" bev="0" fileid="10" />
                <SequencePoint vc="1" uspid="156" ordinal="25" offset="224" sl="102" sc="17" el="102" ec="59" bec="0" bev="0" fileid="10" />
                <SequencePoint vc="1" uspid="157" ordinal="26" offset="235" sl="104" sc="9" el="104" ec="10" bec="0" bev="0" fileid="10" />
              </SequencePoints>
              <BranchPoints>
                <BranchPoint vc="1" uspid="160" ordinal="2" offset="47" sl="84" path="0" offsetend="52" fileid="10" />
                <BranchPoint vc="1" uspid="161" ordinal="3" offset="47" sl="84" path="1" offsetend="223" fileid="10" />
              </BranchPoints>
              <MethodPoint xsi:type="SequencePoint" vc="2" uspid="131" ordinal="0" offset="0" sl="80" sc="9" el="80" ec="10" bec="0" bev="0" fileid="10" />
            </Method>
            <Method visited="true" cyclomaticComplexity="2" nPathComplexity="0" sequenceCoverage="100" branchCoverage="100" crapScore="2" isConstructor="false" isStatic="true" isGetter="false" isSetter="false">
              <Summary numSequencePoints="9" visitedSequencePoints="9" numBranchPoints="1" visitedBranchPoints="1" sequenceCoverage="100" branchCoverage="100" maxCyclomaticComplexity="2" minCyclomaticComplexity="2" maxCrapScore="2" minCrapScore="2" visitedClasses="0" numClasses="0" visitedMethods="1" numMethods="1" />
              <MetadataToken>100663302</MetadataToken>
              <Name>System.Void Task1.Services.HttpErrorsService::OutputErrors(System.Collections.Generic.List`1&lt;Task1.Models.HttpError&gt;)</Name>
              <FileRef uid="10" />
              <SequencePoints>
                <SequencePoint vc="1" uspid="166" ordinal="0" offset="0" sl="111" sc="9" el="111" ec="10" bec="0" bev="0" fileid="10" />
                <SequencePoint vc="1" uspid="167" ordinal="1" offset="1" sl="112" sc="13" el="112" ec="20" bec="0" bev="0" fileid="10" />
                <SequencePoint vc="1" uspid="168" ordinal="2" offset="2" sl="112" sc="35" el="112" ec="41" bec="0" bev="0" fileid="10" />
                <SequencePoint vc="6" uspid="169" ordinal="3" offset="11" sl="112" sc="22" el="112" ec="31" bec="0" bev="0" fileid="10" />
                <SequencePoint vc="6" uspid="170" ordinal="4" offset="19" sl="113" sc="13" el="113" ec="14" bec="0" bev="0" fileid="10" />
                <SequencePoint vc="6" uspid="171" ordinal="5" offset="20" sl="114" sc="17" el="114" ec="53" bec="0" bev="0" fileid="10" />
                <SequencePoint vc="6" uspid="172" ordinal="6" offset="32" sl="115" sc="13" el="115" ec="14" bec="0" bev="0" fileid="10" />
                <SequencePoint vc="7" uspid="173" ordinal="7" offset="33" sl="112" sc="32" el="112" ec="34" bec="0" bev="0" fileid="10" />
                <SequencePoint vc="1" uspid="174" ordinal="8" offset="59" sl="116" sc="9" el="116" ec="10" bec="0" bev="0" fileid="10" />
              </SequencePoints>
              <BranchPoints />
              <MethodPoint xsi:type="SequencePoint" vc="1" uspid="166" ordinal="0" offset="0" sl="111" sc="9" el="111" ec="10" bec="0" bev="0" fileid="10" />
            </Method>
            <Method visited="false" cyclomaticComplexity="1" nPathComplexity="0" sequenceCoverage="0" branchCoverage="0" crapScore="2" isConstructor="true" isStatic="false" isGetter="false" isSetter="false">
              <Summary numSequencePoints="0" visitedSequencePoints="0" numBranchPoints="0" visitedBranchPoints="0" sequenceCoverage="0" branchCoverage="0" maxCyclomaticComplexity="1" minCyclomaticComplexity="1" maxCrapScore="2" minCrapScore="2" visitedClasses="0" numClasses="0" visitedMethods="0" numMethods="0" />
              <MetadataToken>100663303</MetadataToken>
              <Name>System.Void Task1.Services.HttpErrorsService::.ctor()</Name>
              <SequencePoints />
              <BranchPoints />
              <MethodPoint vc="0" uspid="177" ordinal="0" offset="0" />
            </Method>
          </Methods>
        </Class>
        <Class>
          <Summary numSequencePoints="1" visitedSequencePoints="1" numBranchPoints="1" visitedBranchPoints="1" sequenceCoverage="100" branchCoverage="100" maxCyclomaticComplexity="1" minCyclomaticComplexity="1" maxCrapScore="2" minCrapScore="1" visitedClasses="1" numClasses="1" visitedMethods="1" numMethods="1" />
          <FullName>Task1.Services.HttpErrorsService/&lt;&gt;c</FullName>
          <Methods>
            <Method visited="false" cyclomaticComplexity="1" nPathComplexity="0" sequenceCoverage="0" branchCoverage="0" crapScore="2" isConstructor="true" isStatic="true" isGetter="false" isSetter="false">
              <Summary numSequencePoints="0" visitedSequencePoints="0" numBranchPoints="0" visitedBranchPoints="0" sequenceCoverage="0" branchCoverage="0" maxCyclomaticComplexity="1" minCyclomaticComplexity="1" maxCrapScore="2" minCrapScore="2" visitedClasses="0" numClasses="0" visitedMethods="0" numMethods="0" />
              <MetadataToken>100663315</MetadataToken>
              <Name>System.Void Task1.Services.HttpErrorsService/&lt;&gt;c::.cctor()</Name>
              <SequencePoints />
              <BranchPoints />
              <MethodPoint vc="0" uspid="178" ordinal="0" offset="0" />
            </Method>
            <Method visited="false" cyclomaticComplexity="1" nPathComplexity="0" sequenceCoverage="0" branchCoverage="0" crapScore="2" isConstructor="true" isStatic="false" isGetter="false" isSetter="false">
              <Summary numSequencePoints="0" visitedSequencePoints="0" numBranchPoints="0" visitedBranchPoints="0" sequenceCoverage="0" branchCoverage="0" maxCyclomaticComplexity="1" minCyclomaticComplexity="1" maxCrapScore="2" minCrapScore="2" visitedClasses="0" numClasses="0" visitedMethods="0" numMethods="0" />
              <MetadataToken>100663316</MetadataToken>
              <Name>System.Void Task1.Services.HttpErrorsService/&lt;&gt;c::.ctor()</Name>
              <SequencePoints />
              <BranchPoints />
              <MethodPoint vc="0" uspid="179" ordinal="0" offset="0" />
            </Method>
            <Method visited="true" cyclomaticComplexity="1" nPathComplexity="0" sequenceCoverage="100" branchCoverage="100" crapScore="1" isConstructor="false" isStatic="false" isGetter="false" isSetter="false">
              <Summary numSequencePoints="1" visitedSequencePoints="1" numBranchPoints="1" visitedBranchPoints="1" sequenceCoverage="100" branchCoverage="100" maxCyclomaticComplexity="1" minCyclomaticComplexity="1" maxCrapScore="1" minCrapScore="1" visitedClasses="0" numClasses="0" visitedMethods="1" numMethods="1" />
              <MetadataToken>100663317</MetadataToken>
              <Name>System.Int32 Task1.Services.HttpErrorsService/&lt;&gt;c::&lt;PrintCodesToFile&gt;b__2_0(Task1.Models.HttpError)</Name>
              <FileRef uid="10" />
              <SequencePoints>
                <SequencePoint vc="6" uspid="180" ordinal="0" offset="0" sl="82" sc="37" el="82" ec="48" bec="0" bev="0" fileid="10" />
              </SequencePoints>
              <BranchPoints />
              <MethodPoint xsi:type="SequencePoint" vc="6" uspid="180" ordinal="0" offset="0" sl="82" sc="37" el="82" ec="48" bec="0" bev="0" fileid="10" />
            </Method>
          </Methods>
        </Class>
        <Class>
          <Summary numSequencePoints="22" visitedSequencePoints="22" numBranchPoints="7" visitedBranchPoints="7" sequenceCoverage="100" branchCoverage="100" maxCyclomaticComplexity="2" minCyclomaticComplexity="1" maxCrapScore="2" minCrapScore="1" visitedClasses="1" numClasses="1" visitedMethods="5" numMethods="5" />
          <FullName>Task1.Models.HttpError</FullName>
          <Methods>
            <Method skippedDueTo="AutoImplementedProperty" visited="false" cyclomaticComplexity="1" nPathComplexity="0" sequenceCoverage="0" branchCoverage="0" crapScore="0" isConstructor="false" isStatic="false" isGetter="true" isSetter="false">
              <MetadataToken>100663305</MetadataToken>
              <Name>System.Int32 Task1.Models.HttpError::get_ErrorCode()</Name>
              <FileRef uid="12" />
              <SequencePoints />
              <BranchPoints />
            </Method>
            <Method skippedDueTo="AutoImplementedProperty" visited="false" cyclomaticComplexity="1" nPathComplexity="0" sequenceCoverage="0" branchCoverage="0" crapScore="0" isConstructor="false" isStatic="false" isGetter="false" isSetter="true">
              <MetadataToken>100663306</MetadataToken>
              <Name>System.Void Task1.Models.HttpError::set_ErrorCode(System.Int32)</Name>
              <FileRef uid="12" />
              <SequencePoints />
              <BranchPoints />
            </Method>
            <Method skippedDueTo="AutoImplementedProperty" visited="false" cyclomaticComplexity="1" nPathComplexity="0" sequenceCoverage="0" branchCoverage="0" crapScore="0" isConstructor="false" isStatic="false" isGetter="true" isSetter="false">
              <MetadataToken>100663307</MetadataToken>
              <Name>System.String Task1.Models.HttpError::get_Description()</Name>
              <FileRef uid="12" />
              <SequencePoints />
              <BranchPoints />
            </Method>
            <Method skippedDueTo="AutoImplementedProperty" visited="false" cyclomaticComplexity="1" nPathComplexity="0" sequenceCoverage="0" branchCoverage="0" crapScore="0" isConstructor="false" isStatic="false" isGetter="false" isSetter="true">
              <MetadataToken>100663308</MetadataToken>
              <Name>System.Void Task1.Models.HttpError::set_Description(System.String)</Name>
              <FileRef uid="12" />
              <SequencePoints />
              <BranchPoints />
            </Method>
            <Method skippedDueTo="AutoImplementedProperty" visited="false" cyclomaticComplexity="1" nPathComplexity="0" sequenceCoverage="0" branchCoverage="0" crapScore="0" isConstructor="false" isStatic="false" isGetter="true" isSetter="false">
              <MetadataToken>100663309</MetadataToken>
              <Name>System.DateTime Task1.Models.HttpError::get_ErrorTime()</Name>
              <FileRef uid="12" />
              <SequencePoints />
              <BranchPoints />
            </Method>
            <Method skippedDueTo="AutoImplementedProperty" visited="false" cyclomaticComplexity="1" nPathComplexity="0" sequenceCoverage="0" branchCoverage="0" crapScore="0" isConstructor="false" isStatic="false" isGetter="false" isSetter="true">
              <MetadataToken>100663310</MetadataToken>
              <Name>System.Void Task1.Models.HttpError::set_ErrorTime(System.DateTime)</Name>
              <FileRef uid="12" />
              <SequencePoints />
              <BranchPoints />
            </Method>
            <Method visited="true" cyclomaticComplexity="1" nPathComplexity="0" sequenceCoverage="100" branchCoverage="100" crapScore="1" isConstructor="true" isStatic="false" isGetter="false" isSetter="false">
              <Summary numSequencePoints="6" visitedSequencePoints="6" numBranchPoints="1" visitedBranchPoints="1" sequenceCoverage="100" branchCoverage="100" maxCyclomaticComplexity="1" minCyclomaticComplexity="1" maxCrapScore="1" minCrapScore="1" visitedClasses="0" numClasses="0" visitedMethods="1" numMethods="1" />
              <MetadataToken>100663304</MetadataToken>
              <Name>System.Void Task1.Models.HttpError::.ctor(System.Int32,System.String,System.DateTime)</Name>
              <FileRef uid="12" />
              <SequencePoints>
                <SequencePoint vc="34" uspid="181" ordinal="0" offset="0" sl="22" sc="9" el="22" ec="82" bec="0" bev="0" fileid="12" />
                <SequencePoint vc="34" uspid="182" ordinal="1" offset="7" sl="23" sc="9" el="23" ec="10" bec="0" bev="0" fileid="12" />
                <SequencePoint vc="34" uspid="183" ordinal="2" offset="8" sl="24" sc="13" el="24" ec="44" bec="0" bev="0" fileid="12" />
                <SequencePoint vc="34" uspid="184" ordinal="3" offset="16" sl="25" sc="13" el="25" ec="40" bec="0" bev="0" fileid="12" />
                <SequencePoint vc="34" uspid="185" ordinal="4" offset="24" sl="26" sc="13" el="26" ec="42" bec="0" bev="0" fileid="12" />
                <SequencePoint vc="34" uspid="186" ordinal="5" offset="32" sl="27" sc="9" el="27" ec="10" bec="0" bev="0" fileid="12" />
              </SequencePoints>
              <BranchPoints />
              <MethodPoint xsi:type="SequencePoint" vc="34" uspid="181" ordinal="0" offset="0" sl="22" sc="9" el="22" ec="82" bec="0" bev="0" fileid="12" />
            </Method>
            <Method visited="true" cyclomaticComplexity="1" nPathComplexity="0" sequenceCoverage="100" branchCoverage="100" crapScore="1" isConstructor="false" isStatic="false" isGetter="false" isSetter="false">
              <Summary numSequencePoints="3" visitedSequencePoints="3" numBranchPoints="1" visitedBranchPoints="1" sequenceCoverage="100" branchCoverage="100" maxCyclomaticComplexity="1" minCyclomaticComplexity="1" maxCrapScore="1" minCrapScore="1" visitedClasses="0" numClasses="0" visitedMethods="1" numMethods="1" />
              <MetadataToken>100663311</MetadataToken>
              <Name>System.Int32 Task1.Models.HttpError::CompareTo(Task1.Models.HttpError)</Name>
              <FileRef uid="12" />
              <SequencePoints>
                <SequencePoint vc="2" uspid="187" ordinal="0" offset="0" sl="50" sc="9" el="50" ec="10" bec="0" bev="0" fileid="12" />
                <SequencePoint vc="2" uspid="188" ordinal="1" offset="1" sl="51" sc="13" el="51" ec="60" bec="0" bev="0" fileid="12" />
                <SequencePoint vc="2" uspid="189" ordinal="2" offset="24" sl="52" sc="9" el="52" ec="10" bec="0" bev="0" fileid="12" />
              </SequencePoints>
              <BranchPoints />
              <MethodPoint xsi:type="SequencePoint" vc="2" uspid="187" ordinal="0" offset="0" sl="50" sc="9" el="50" ec="10" bec="0" bev="0" fileid="12" />
            </Method>
            <Method visited="true" cyclomaticComplexity="2" nPathComplexity="2" sequenceCoverage="100" branchCoverage="100" crapScore="2" isConstructor="false" isStatic="false" isGetter="false" isSetter="false">
              <Summary numSequencePoints="7" visitedSequencePoints="7" numBranchPoints="3" visitedBranchPoints="3" sequenceCoverage="100" branchCoverage="100" maxCyclomaticComplexity="2" minCyclomaticComplexity="2" maxCrapScore="2" minCrapScore="2" visitedClasses="0" numClasses="0" visitedMethods="1" numMethods="1" />
              <MetadataToken>100663312</MetadataToken>
              <Name>System.Boolean Task1.Models.HttpError::Equals(System.Object)</Name>
              <FileRef uid="12" />
              <SequencePoints>
                <SequencePoint vc="3" uspid="190" ordinal="0" offset="0" sl="60" sc="9" el="60" ec="10" bec="0" bev="0" fileid="12" />
                <SequencePoint vc="3" uspid="191" ordinal="1" offset="1" sl="61" sc="13" el="61" ec="47" bec="0" bev="0" fileid="12" />
                <SequencePoint vc="3" uspid="192" ordinal="2" offset="8" sl="63" sc="13" el="63" ec="30" bec="2" bev="2" fileid="12" />
                <SequencePoint vc="1" uspid="193" ordinal="3" offset="16" sl="64" sc="13" el="64" ec="14" bec="0" bev="0" fileid="12" />
                <SequencePoint vc="1" uspid="194" ordinal="4" offset="17" sl="65" sc="17" el="65" ec="30" bec="0" bev="0" fileid="12" />
                <SequencePoint vc="2" uspid="195" ordinal="5" offset="21" sl="68" sc="13" el="68" ec="58" bec="0" bev="0" fileid="12" />
                <SequencePoint vc="3" uspid="196" ordinal="6" offset="44" sl="69" sc="9" el="69" ec="10" bec="0" bev="0" fileid="12" />
              </SequencePoints>
              <BranchPoints>
                <BranchPoint vc="1" uspid="197" ordinal="0" offset="14" sl="63" path="0" offsetend="16" fileid="12" />
                <BranchPoint vc="2" uspid="198" ordinal="1" offset="14" sl="63" path="1" offsetend="21" fileid="12" />
              </BranchPoints>
              <MethodPoint xsi:type="SequencePoint" vc="3" uspid="190" ordinal="0" offset="0" sl="60" sc="9" el="60" ec="10" bec="0" bev="0" fileid="12" />
            </Method>
            <Method visited="true" cyclomaticComplexity="1" nPathComplexity="0" sequenceCoverage="100" branchCoverage="100" crapScore="1" isConstructor="false" isStatic="false" isGetter="false" isSetter="false">
              <Summary numSequencePoints="3" visitedSequencePoints="3" numBranchPoints="1" visitedBranchPoints="1" sequenceCoverage="100" branchCoverage="100" maxCyclomaticComplexity="1" minCyclomaticComplexity="1" maxCrapScore="1" minCrapScore="1" visitedClasses="0" numClasses="0" visitedMethods="1" numMethods="1" />
              <MetadataToken>100663313</MetadataToken>
              <Name>System.Int32 Task1.Models.HttpError::GetHashCode()</Name>
              <FileRef uid="12" />
              <SequencePoints>
                <SequencePoint vc="2" uspid="199" ordinal="0" offset="0" sl="76" sc="9" el="76" ec="10" bec="0" bev="0" fileid="12" />
                <SequencePoint vc="2" uspid="200" ordinal="1" offset="1" sl="77" sc="13" el="77" ec="49" bec="0" bev="0" fileid="12" />
                <SequencePoint vc="2" uspid="201" ordinal="2" offset="18" sl="78" sc="9" el="78" ec="10" bec="0" bev="0" fileid="12" />
              </SequencePoints>
              <BranchPoints />
              <MethodPoint xsi:type="SequencePoint" vc="2" uspid="199" ordinal="0" offset="0" sl="76" sc="9" el="76" ec="10" bec="0" bev="0" fileid="12" />
            </Method>
            <Method visited="true" cyclomaticComplexity="1" nPathComplexity="0" sequenceCoverage="100" branchCoverage="100" crapScore="1" isConstructor="false" isStatic="false" isGetter="false" isSetter="false">
              <Summary numSequencePoints="3" visitedSequencePoints="3" numBranchPoints="1" visitedBranchPoints="1" sequenceCoverage="100" branchCoverage="100" maxCyclomaticComplexity="1" minCyclomaticComplexity="1" maxCrapScore="1" minCrapScore="1" visitedClasses="0" numClasses="0" visitedMethods="1" numMethods="1" />
              <MetadataToken>100663314</MetadataToken>
              <Name>System.String Task1.Models.HttpError::ToString()</Name>
              <FileRef uid="12" />
              <SequencePoints>
                <SequencePoint vc="8" uspid="202" ordinal="0" offset="0" sl="85" sc="9" el="85" ec="10" bec="0" bev="0" fileid="12" />
                <SequencePoint vc="8" uspid="203" ordinal="1" offset="1" sl="86" sc="13" el="86" ec="83" bec="0" bev="0" fileid="12" />
                <SequencePoint vc="8" uspid="204" ordinal="2" offset="68" sl="87" sc="9" el="87" ec="10" bec="0" bev="0" fileid="12" />
              </SequencePoints>
              <BranchPoints />
              <MethodPoint xsi:type="SequencePoint" vc="8" uspid="202" ordinal="0" offset="0" sl="85" sc="9" el="85" ec="10" bec="0" bev="0" fileid="12" />
            </Method>
          </Methods>
        </Class>
      </Classes>
      <TrackedMethods />
    </Module>
  </Modules>
</CoverageSession>